Test# | a | b | sel | y | expected | PASS/FAIL
----------------------------------------------
    0 | 0 | 0 | 001 | 0 | 00000000 | PASS
    1 | 0 | 1 | 001 | 1 | 00000001 | PASS
    2 | 0 | 1 | 000 | 0 | 00000000 | PASS
    3 | 1 | 1 | 000 | 1 | 00000001 | PASS
    4 | 0 | 1 | 001 | 1 | 00000001 | PASS
    5 | 0 | 0 | 001 | 0 | 00000000 | PASS
    6 | 0 | 0 | 000 | 0 | 00000000 | PASS
    7 | 1 | 1 | 000 | 1 | 00000001 | PASS
    8 | 1 | 0 | 001 | 0 | 00000000 | PASS
    9 | 0 | 0 | 001 | 0 | 00000000 | PASS
   10 | 1 | 0 | 000 | 1 | 00000001 | PASS
   11 | 1 | 0 | 001 | 0 | 00000000 | PASS
   12 | 0 | 0 | 000 | 0 | 00000000 | PASS
   13 | 1 | 0 | 001 | 0 | 00000000 | PASS
   14 | 1 | 0 | 000 | 1 | 00000001 | PASS
   15 | 1 | 1 | 001 | 1 | 00000001 | PASS
   16 | 0 | 0 | 001 | 0 | 00000000 | PASS
   17 | 1 | 1 | 000 | 1 | 00000001 | PASS
   18 | 0 | 1 | 001 | 1 | 00000001 | PASS
   19 | 0 | 1 | 000 | 0 | 00000000 | PASS
