Command: /home/user16/work/klngan/hdl_labs/lab6/sim/./mux3to1_simv -l mux3to1_sim.log
Chronologic VCS simulator copyright 1991-2024
Contains Synopsys proprietary information.
Compiler version W-2024.09-SP2_Full64; Runtime version W-2024.09-SP2_Full64;  Jul 24 14:30 2025
*Verdi* Loading libsscore_vcs202409.so
FSDB Dumper for VCS, Release Verdi_W-2024.09-SP2, Linux x86_64/64bit, 03/03/2025
(C) 1996 - 2025 by Synopsys, Inc.
*Verdi* : Create FSDB file 'mux3to1_sim.fsdb'
*Verdi* : Begin traversing the scope (mux3to1_tb), layer (0).
*Verdi* : End of traversing.
Test 0 PASSED
Test 1 PASSED
Test 2 PASSED
Test 3 PASSED
Test 4 PASSED
Test 5 PASSED
Test 6 PASSED
Test 7 PASSED
Test 8 PASSED
Test 9 PASSED
Test 10 PASSED
Test 11 PASSED
Test 12 PASSED
Test 13 PASSED
Test 14 PASSED
Test 15 PASSED
Test 16 PASSED
Test 17 PASSED
Test 18 PASSED
Test 19 PASSED
Testing complete. Results saved to mux3to1_sim.rpt
$finish called from file "/home/user16/work/klngan/hdl_labs/lab6/design/mux3to1_tb.sv", line 54.
$finish at simulation time               200000
           V C S   S i m u l a t i o n   R e p o r t 
Time: 200000 ps
CPU Time:      0.160 seconds;       Data structure size:   0.0Mb
Thu Jul 24 14:30:52 2025
