Test# | a | b | c | sel | y | expected | PASS/FAIL
----------------------------------------------
    0 | 0 | 0 | 1 | 010 | 1 | 00000001 | PASS
    1 | 1 | 1 | 0 | 011 | 0 | 00000000 | PASS
    2 | 0 | 1 | 1 | 010 | 1 | 00000001 | PASS
    3 | 0 | 1 | 1 | 010 | 1 | 00000001 | PASS
    4 | 0 | 1 | 0 | 010 | 0 | 00000000 | PASS
    5 | 0 | 1 | 1 | 000 | 0 | 00000000 | PASS
    6 | 1 | 0 | 1 | 000 | 1 | 00000001 | PASS
    7 | 0 | 1 | 1 | 000 | 0 | 00000000 | PASS
    8 | 0 | 1 | 0 | 011 | 0 | 00000000 | PASS
    9 | 0 | 0 | 0 | 001 | 0 | 00000000 | PASS
   10 | 0 | 1 | 1 | 010 | 1 | 00000001 | PASS
   11 | 0 | 1 | 1 | 011 | 0 | 00000000 | PASS
   12 | 0 | 0 | 1 | 001 | 0 | 00000000 | PASS
   13 | 1 | 0 | 0 | 001 | 0 | 00000000 | PASS
   14 | 1 | 0 | 1 | 010 | 1 | 00000001 | PASS
   15 | 0 | 1 | 1 | 001 | 1 | 00000001 | PASS
   16 | 0 | 0 | 1 | 001 | 0 | 00000000 | PASS
   17 | 0 | 1 | 0 | 011 | 0 | 00000000 | PASS
   18 | 0 | 1 | 1 | 010 | 1 | 00000001 | PASS
   19 | 1 | 1 | 1 | 001 | 1 | 00000001 | PASS
