# Preference setting overrides
gui_create_pref_key -category {Globals} -key {load_detail_for_funcov} -value_type {bool} -value {false}
gui_set_pref_value -category {waveCompare} -key {end_unit} -value {1ps}
gui_set_pref_value -category {waveCompare} -key {start_unit} -value {1ps}

# State setting overrides
gui_state_default_create -off -ini
gui_set_state_value -category Globals -key recent_databases -value {{gui_open_db -file /home/user16/work/klngan/hdl_labs/lab4/sim/mux2to1_new_sim.vcd -design V2} {gui_open_db -file /home/user16/work/klngan/hdl_labs/lab4/sim/mux2to1_sim.vcd -design V1} {gui_open_db -file waveform.vcd}}
gui_set_state_value -category Layout -key child_console_size_x -value 1716
gui_set_state_value -category Layout -key child_console_size_y -value 174
gui_set_state_value -category Layout -key child_data_coltype -value 104
gui_set_state_value -category Layout -key child_data_colvalue -value 163
gui_set_state_value -category Layout -key child_data_colvariable -value 203
gui_set_state_value -category Layout -key child_data_size_x -value 479
gui_set_state_value -category Layout -key child_data_size_y -value 760
gui_set_state_value -category Layout -key child_hier_col3 -value {-1}
gui_set_state_value -category Layout -key child_hier_colhier -value 270
gui_set_state_value -category Layout -key child_hier_colpd -value 0
gui_set_state_value -category Layout -key child_hier_coltype -value 220
gui_set_state_value -category Layout -key child_hier_size_x -value 499
gui_set_state_value -category Layout -key child_hier_size_y -value 760
gui_set_state_value -category Layout -key child_hier_sort_order -value 1
gui_set_state_value -category Layout -key child_source_docknewline -value false
gui_set_state_value -category Layout -key child_source_pos_x -value {-2}
gui_set_state_value -category Layout -key child_source_pos_y -value {-15}
gui_set_state_value -category Layout -key child_source_size_x -value 741
gui_set_state_value -category Layout -key child_source_size_y -value 755
gui_set_state_value -category Layout -key child_wave_colname -value 400
gui_set_state_value -category Layout -key child_wave_colvalue -value 152
gui_set_state_value -category Layout -key child_wave_left -value 557
gui_set_state_value -category Layout -key child_wave_right -value 1357
gui_set_state_value -category Layout -key main_pos_x -value {-191}
gui_set_state_value -category Layout -key main_pos_y -value 169
gui_set_state_value -category Layout -key main_size_x -value 1525
gui_set_state_value -category Layout -key main_size_y -value 1184
gui_set_state_value -category Layout -key stand_wave_child_docknewline -value false
gui_set_state_value -category Layout -key stand_wave_child_pos_x -value {-2}
gui_set_state_value -category Layout -key stand_wave_child_pos_y -value {-15}
gui_set_state_value -category Layout -key stand_wave_child_size_x -value 1924
gui_set_state_value -category Layout -key stand_wave_child_size_y -value 929
gui_set_state_value -category Layout -key stand_wave_top_pos_x -value 774
gui_set_state_value -category Layout -key stand_wave_top_pos_y -value 211
gui_set_state_value -category Layout -key stand_wave_top_size_x -value 2693
gui_set_state_value -category Layout -key stand_wave_top_size_y -value 1226
gui_create_state_key -category FindDialog -key m_pMatchCase -value_type bool -value false
gui_create_state_key -category FindDialog -key m_pMatchWord -value_type bool -value false
gui_create_state_key -category FindDialog -key m_pUseCombo -value_type string -value {}
gui_create_state_key -category FindDialog -key m_pWrapAround -value_type bool -value true
gui_state_default_create -off

# Begin command logging
gui_open_db -file /home/user16/work/klngan/hdl_labs/lab4/sim/mux2to1_sim.vcd -design V1
gui_list_select -id Hier.1 -current_item_name mux2to1_tb -current_item_type Scope  -selected  { mux2to1_tb   }
gui_list_expand -id  Hier.1   mux2to1_tb
gui_list_select -id Hier.1 -current_item_name mux2to1_tb.uut -current_item_type Scope  -selected  { mux2to1_tb.uut   }
gui_list_select -id Data.1 -selected  { mux2to1_tb.uut.a   }
gui_list_select -id Data.1 -selected  { mux2to1_tb.uut.y   }
gui_list_select -id Data.1 -selected  { mux2to1_tb.uut.a  mux2to1_tb.uut.b  mux2to1_tb.uut.sel  mux2to1_tb.uut.y   }
gui_open_window Wave
gui_list_add -id Wave.1 -from Data.1 { mux2to1_tb.uut.a mux2to1_tb.uut.b mux2to1_tb.uut.sel mux2to1_tb.uut.y } -insertionbar
gui_wv_zoom_timerange -id  Wave.1 0 397
gui_list_select -id Hier.1 -current_item_name mux2to1_tb -current_item_type Scope  -selected  { mux2to1_tb   }
gui_list_select -id Data.1 -selected  { mux2to1_tb.a_tb   }
gui_list_select -id Data.1 -selected  { mux2to1_tb.a_tb  mux2to1_tb.b_tb  mux2to1_tb.sel_tb  mux2to1_tb.y_tb   }
gui_list_create_group_when_add -wave -enable
gui_open_window Wave
gui_list_add -id Wave.2 -from Data.1 { mux2to1_tb.a_tb mux2to1_tb.b_tb mux2to1_tb.sel_tb mux2to1_tb.y_tb } -insertionbar
gui_close_window -window TopLevel.3
gui_list_create_group_when_add -list -enable
gui_open_window List
gui_lst_add -id List.1 { mux2to1_tb.a_tb mux2to1_tb.b_tb mux2to1_tb.sel_tb mux2to1_tb.y_tb }
gui_close_window -window TopLevel.3
gui_list_add -id Wave.1 -from Data.1 { mux2to1_tb.a_tb mux2to1_tb.b_tb mux2to1_tb.sel_tb mux2to1_tb.y_tb } -insertionbar
gui_zoom -window Wave.1 -factor 0.5
gui_wv_rowheight_increase -id Wave.1 
gui_wv_rowheight_increase -id Wave.1 
gui_close_window -window TopLevel.2
