
################################################################################
#
# This file has been generated by SpyGlass:
#     Report Name      : moresimple
#     Report Created by: user16
#     Report Created on:  Thu Jul 24 10:33:36 2025
#     Working Directory: /home/user16/work/klngan/hdl_labs/lab2/lint
#     SpyGlass Version : SpyGlass_vW-2024.09-SP2
#     Policy Name      : SpyGlass(SpyGlass_vW-2024.09-SP2)
#
#     Total Number of Generated Messages :          2
#     Number of Waived Messages          :          0
#     Number of Reported Messages        :          2
#     Number of Overlimit Messages       :          0
#
#
################################################################################

+++++++++++++++++++++++++++++++++++++++++++++++++++++++++++++++++++++++
MORESIMPLE REPORT:


############### BuiltIn -> RuleGroup=Design Read ###############
+++++++++++++++++++++++++++++++++++++++++++++++++++++++++++++++++++++++++++++++++++++++
ID       Rule                    Alias                   Severity    File                                                                                                                          Line    Wt    Message
======================================================================================
[1]      DetectTopDesignUnits    DetectTopDesignUnits    Info        /home/user16/work/klngan/hdl_labs/lab1/design/mux2to1.v                                                                       1       2     Module mux2to1 is a top level design unit
[0]      ElabSummary             ElabSummary             Info        /home/user16/work/klngan/hdl_labs/lab1/lint/sg_both/sg_both/mux2to1/Design_Read/spyglass_reports/SpyGlass/elab_summary.rpt    0       2     Please refer file '/home/user16/work/klngan/hdl_labs/lab1/lint/sg_both/sg_both/mux2to1/Design_Read/spyglass_reports/SpyGlass/elab_summary.rpt' for elab summary report
+++++++++++++++++++++++++++++++++++++++++++++++++++++++++++++++++++++++++++++++++++++++
