TIME:                    0 | Seed | Test# | a | b | sel | y | expected | PASS/FAIL | RANDOM
--------------------------------------------------------------
TIME:                11000 |  200 |     0 | 1 | 0 | 001 | 0 | 00000000 | PASS      | 1715609148
TIME:                21000 |  200 |     1 | 0 | 0 | 001 | 0 | 00000000 | PASS      | -2022550404
TIME:                31000 |  200 |     2 | 1 | 0 | 001 | 0 | 00000000 | PASS      | -667681661
TIME:                41000 |  200 |     3 | 0 | 1 | 001 | 1 | 00000001 | PASS      | -295029039
TIME:                51000 |  200 |     4 | 1 | 1 | 000 | 1 | 00000001 | PASS      | 779566724
TIME:                61000 |  200 |     5 | 1 | 0 | 001 | 0 | 00000000 | PASS      | 739207061
TIME:                71000 |  200 |     6 | 1 | 1 | 000 | 1 | 00000001 | PASS      | 1452510947
TIME:                81000 |  200 |     7 | 1 | 0 | 001 | 0 | 00000000 | PASS      | 1504745021
TIME:                91000 |  200 |     8 | 0 | 0 | 000 | 0 | 00000000 | PASS      | 2109190451
TIME:               101000 |  200 |     9 | 1 | 1 | 000 | 1 | 00000001 | PASS      | -362745130
TIME:               111000 |  200 |    10 | 0 | 1 | 001 | 1 | 00000001 | PASS      | 118298460
TIME:               121000 |  200 |    11 | 0 | 1 | 001 | 1 | 00000001 | PASS      | 2018059003
TIME:               131000 |  200 |    12 | 0 | 0 | 000 | 0 | 00000000 | PASS      | -2120320398
TIME:               141000 |  200 |    13 | 1 | 1 | 000 | 1 | 00000001 | PASS      | 602693480
TIME:               151000 |  200 |    14 | 0 | 0 | 001 | 0 | 00000000 | PASS      | 299834927
TIME:               161000 |  200 |    15 | 0 | 1 | 001 | 1 | 00000001 | PASS      | 351033794
TIME:               171000 |  200 |    16 | 0 | 1 | 000 | 0 | 00000000 | PASS      | -213738293
TIME:               181000 |  200 |    17 | 0 | 1 | 001 | 1 | 00000001 | PASS      | -519602457
TIME:               191000 |  200 |    18 | 1 | 0 | 001 | 0 | 00000000 | PASS      | -1731553367
TIME:               201000 |  200 |    19 | 1 | 1 | 001 | 1 | 00000001 | PASS      | -392637649
TIME:               211000 |  200 |    20 | 1 | 1 | 000 | 1 | 00000001 | PASS      | 289306602
TIME:               221000 |  200 |    21 | 0 | 0 | 000 | 0 | 00000000 | PASS      | -1266471348
TIME:               231000 |  200 |    22 | 1 | 0 | 000 | 1 | 00000001 | PASS      | -1457451132
TIME:               241000 |  200 |    23 | 0 | 1 | 001 | 1 | 00000001 | PASS      | 1060239401
TIME:               251000 |  200 |    24 | 1 | 0 | 000 | 1 | 00000001 | PASS      | 107978878
TIME:               261000 |  200 |    25 | 0 | 1 | 000 | 0 | 00000000 | PASS      | -1112505394
TIME:               271000 |  200 |    26 | 0 | 0 | 001 | 0 | 00000000 | PASS      | -965519720
TIME:               281000 |  200 |    27 | 0 | 0 | 000 | 0 | 00000000 | PASS      | -787244202
TIME:               291000 |  200 |    28 | 0 | 0 | 000 | 0 | 00000000 | PASS      | 865597925
TIME:               301000 |  200 |    29 | 1 | 0 | 000 | 1 | 00000001 | PASS      | -799106847
Total test failed:           0
