Command: /home/user16/work/klngan/hdl_labs/week3/uvm_labs/lab4/sim/./ptop_simv -l ptop_sim.log +UVM_NO_RELNOTES +UVM_VERBOSITY=UVM_HIGH +UVM_PHASE_TRACE
Chronologic VCS simulator copyright 1991-2024
Contains Synopsys proprietary information.
Compiler version W-2024.09-SP2_Full64; Runtime version W-2024.09-SP2_Full64;  Aug  5 12:20 2025
UVM_INFO /home/user16/work/klngan/hdl_labs/week3/uvm_labs/lab4/design/ptop_tb.sv(9) @ 0: reporter [PTOP/TB] Starting testbench
UVM_INFO /home/user16/work/klngan/hdl_labs/week3/uvm_labs/lab4/design/ptop_test_pkg.sv(15) @ 0: uvm_test_top [PTOP/TEST/NEW] Creating uvm_test_top
UVM_INFO @ 0: reporter [RNTST] Running test ptop_test...
UVM_INFO /home/synopsys/vcs/W-2024.09-SP2/etc/uvm-ieee-2020-2.0/base/uvm_phase_hopper.svh(397) @ 0: reporter [PH/TRC/STRT] Phase 'common' (id=148) Starting phase
UVM_INFO /home/synopsys/vcs/W-2024.09-SP2/etc/uvm-ieee-2020-2.0/base/uvm_phase_hopper.svh(667) @ 0: reporter [PH/TRC/DONE] Phase 'common' (id=148) Completed phase
UVM_INFO /home/synopsys/vcs/W-2024.09-SP2/etc/uvm-ieee-2020-2.0/base/uvm_phase_hopper.svh(706) @ 0: reporter [PH/TRC/SCHEDULED] Phase 'common.build' (id=154) Scheduled from phase common
UVM_INFO /home/synopsys/vcs/W-2024.09-SP2/etc/uvm-ieee-2020-2.0/base/uvm_phase_hopper.svh(397) @ 0: reporter [PH/TRC/STRT] Phase 'common.build' (id=154) Starting phase
UVM_INFO /home/user16/work/klngan/hdl_labs/week3/uvm_labs/lab4/design/ptop_test_pkg.sv(20) @ 0: uvm_test_top [PTOP/TEST/BUILD] Start of build_phase
UVM_INFO /home/user16/work/klngan/hdl_labs/week3/uvm_labs/lab4/design/ptop_parent_pkg.sv(15) @ 0: uvm_test_top.parent [PTOP/PARENT/NEW] Creating parent
UVM_INFO /home/user16/work/klngan/hdl_labs/week3/uvm_labs/lab4/design/ptop_test_pkg.sv(23) @ 0: uvm_test_top [PTOP/TEST/BUILD] End of build_phase
UVM_INFO /home/user16/work/klngan/hdl_labs/week3/uvm_labs/lab4/design/ptop_parent_pkg.sv(21) @ 0: uvm_test_top.parent [PTOP/PARENT/BUILD] Start of build_phase
UVM_INFO /home/user16/work/klngan/hdl_labs/week3/uvm_labs/lab4/design/ptop_child_pkg.sv(12) @ 0: uvm_test_top.parent.child [PTOP/CHILD/NEW] Creating child
UVM_INFO /home/user16/work/klngan/hdl_labs/week3/uvm_labs/lab4/design/ptop_parent_pkg.sv(23) @ 0: uvm_test_top.parent [PTOP/PARENT/BUILD] End of build_phase
UVM_INFO /home/user16/work/klngan/hdl_labs/week3/uvm_labs/lab4/design/ptop_child_pkg.sv(17) @ 0: uvm_test_top.parent.child [PTOP/CHILD/BUILD] Executing build_phase
UVM_INFO /home/synopsys/vcs/W-2024.09-SP2/etc/uvm-ieee-2020-2.0/base/uvm_phase.svh(1470) @ 0: reporter [PH/TRC/WAIT_PRED_OF_SUCC] Phase 'common.build' (id=154) *** No pred to succ other than myself, so ending phase ***
UVM_INFO /home/synopsys/vcs/W-2024.09-SP2/etc/uvm-ieee-2020-2.0/base/uvm_phase_hopper.svh(607) @ 0: reporter [PH_END] Phase 'common.build' (id=154) ENDING PHASE
UVM_INFO /home/synopsys/vcs/W-2024.09-SP2/etc/uvm-ieee-2020-2.0/base/uvm_phase_hopper.svh(667) @ 0: reporter [PH/TRC/DONE] Phase 'common.build' (id=154) Completed phase
UVM_INFO /home/synopsys/vcs/W-2024.09-SP2/etc/uvm-ieee-2020-2.0/base/uvm_phase_hopper.svh(706) @ 0: reporter [PH/TRC/SCHEDULED] Phase 'common.connect' (id=159) Scheduled from phase common.build
UVM_INFO /home/synopsys/vcs/W-2024.09-SP2/etc/uvm-ieee-2020-2.0/base/uvm_phase_hopper.svh(397) @ 0: reporter [PH/TRC/STRT] Phase 'common.connect' (id=159) Starting phase
UVM_INFO /home/user16/work/klngan/hdl_labs/week3/uvm_labs/lab4/design/ptop_child_pkg.sv(22) @ 0: uvm_test_top.parent.child [PTOP/CHILD/CONNECT] Executing connect_phase
UVM_INFO /home/user16/work/klngan/hdl_labs/week3/uvm_labs/lab4/design/ptop_parent_pkg.sv(28) @ 0: uvm_test_top.parent [PTOP/PARENT/CONNECT] Start of connect_phase
UVM_INFO /home/user16/work/klngan/hdl_labs/week3/uvm_labs/lab4/design/ptop_parent_pkg.sv(29) @ 0: uvm_test_top.parent [PTOP/PARENT/CONNECT] End of connect_phase
UVM_INFO /home/synopsys/vcs/W-2024.09-SP2/etc/uvm-ieee-2020-2.0/base/uvm_phase.svh(1470) @ 0: reporter [PH/TRC/WAIT_PRED_OF_SUCC] Phase 'common.connect' (id=159) *** No pred to succ other than myself, so ending phase ***
UVM_INFO /home/synopsys/vcs/W-2024.09-SP2/etc/uvm-ieee-2020-2.0/base/uvm_phase_hopper.svh(607) @ 0: reporter [PH_END] Phase 'common.connect' (id=159) ENDING PHASE
UVM_INFO /home/synopsys/vcs/W-2024.09-SP2/etc/uvm-ieee-2020-2.0/base/uvm_phase_hopper.svh(667) @ 0: reporter [PH/TRC/DONE] Phase 'common.connect' (id=159) Completed phase
UVM_INFO /home/synopsys/vcs/W-2024.09-SP2/etc/uvm-ieee-2020-2.0/base/uvm_phase_hopper.svh(706) @ 0: reporter [PH/TRC/SCHEDULED] Phase 'common.end_of_elaboration' (id=164) Scheduled from phase common.connect
UVM_INFO /home/synopsys/vcs/W-2024.09-SP2/etc/uvm-ieee-2020-2.0/base/uvm_phase_hopper.svh(397) @ 0: reporter [PH/TRC/STRT] Phase 'common.end_of_elaboration' (id=164) Starting phase
UVM_INFO /home/user16/work/klngan/hdl_labs/week3/uvm_labs/lab4/design/ptop_test_pkg.sv(28) @ 0: uvm_test_top [PTOP/TEST/ENDOFELAB] Printing test topology
--------------------------------------
Name          Type         Size  Value
--------------------------------------
uvm_test_top  ptop_test    -     @147 
  parent      ptop_parent  -     @229 
    child     ptop_child   -     @244 
--------------------------------------
UVM_INFO /home/synopsys/vcs/W-2024.09-SP2/etc/uvm-ieee-2020-2.0/base/uvm_phase.svh(1470) @ 0: reporter [PH/TRC/WAIT_PRED_OF_SUCC] Phase 'common.end_of_elaboration' (id=164) *** No pred to succ other than myself, so ending phase ***
UVM_INFO /home/synopsys/vcs/W-2024.09-SP2/etc/uvm-ieee-2020-2.0/base/uvm_phase_hopper.svh(607) @ 0: reporter [PH_END] Phase 'common.end_of_elaboration' (id=164) ENDING PHASE
UVM_INFO /home/synopsys/vcs/W-2024.09-SP2/etc/uvm-ieee-2020-2.0/base/uvm_phase_hopper.svh(667) @ 0: reporter [PH/TRC/DONE] Phase 'common.end_of_elaboration' (id=164) Completed phase
UVM_INFO /home/synopsys/vcs/W-2024.09-SP2/etc/uvm-ieee-2020-2.0/base/uvm_phase_hopper.svh(706) @ 0: reporter [PH/TRC/SCHEDULED] Phase 'common.start_of_simulation' (id=169) Scheduled from phase common.end_of_elaboration
UVM_INFO /home/synopsys/vcs/W-2024.09-SP2/etc/uvm-ieee-2020-2.0/base/uvm_phase_hopper.svh(397) @ 0: reporter [PH/TRC/STRT] Phase 'common.start_of_simulation' (id=169) Starting phase
UVM_INFO /home/synopsys/vcs/W-2024.09-SP2/etc/uvm-ieee-2020-2.0/base/uvm_phase.svh(1470) @ 0: reporter [PH/TRC/WAIT_PRED_OF_SUCC] Phase 'common.start_of_simulation' (id=169) *** No pred to succ other than myself, so ending phase ***
UVM_INFO /home/synopsys/vcs/W-2024.09-SP2/etc/uvm-ieee-2020-2.0/base/uvm_phase_hopper.svh(607) @ 0: reporter [PH_END] Phase 'common.start_of_simulation' (id=169) ENDING PHASE
UVM_INFO /home/synopsys/vcs/W-2024.09-SP2/etc/uvm-ieee-2020-2.0/base/uvm_phase_hopper.svh(667) @ 0: reporter [PH/TRC/DONE] Phase 'common.start_of_simulation' (id=169) Completed phase
UVM_INFO /home/synopsys/vcs/W-2024.09-SP2/etc/uvm-ieee-2020-2.0/base/uvm_phase_hopper.svh(706) @ 0: reporter [PH/TRC/SCHEDULED] Phase 'common.run' (id=174) Scheduled from phase common.start_of_simulation
UVM_INFO /home/synopsys/vcs/W-2024.09-SP2/etc/uvm-ieee-2020-2.0/base/uvm_phase_hopper.svh(706) @ 0: reporter [PH/TRC/SCHEDULED] Phase 'uvm' (id=70) Scheduled from phase common.start_of_simulation
UVM_INFO /home/synopsys/vcs/W-2024.09-SP2/etc/uvm-ieee-2020-2.0/base/uvm_phase_hopper.svh(397) @ 0: reporter [PH/TRC/STRT] Phase 'common.run' (id=174) Starting phase
UVM_INFO /home/synopsys/vcs/W-2024.09-SP2/etc/uvm-ieee-2020-2.0/base/uvm_phase_hopper.svh(397) @ 0: reporter [PH/TRC/STRT] Phase 'uvm' (id=70) Starting phase
UVM_INFO /home/user16/work/klngan/hdl_labs/week3/uvm_labs/lab4/design/ptop_parent_pkg.sv(35) @ 0: uvm_test_top.parent [PTOP/PARENT/RUN] Parent objection started
UVM_INFO /home/user16/work/klngan/hdl_labs/week3/uvm_labs/lab4/design/ptop_parent_pkg.sv(40) @ 0: uvm_test_top.parent [PTOP/PARENT/RUN] Parent activity started
UVM_INFO /home/user16/work/klngan/hdl_labs/week3/uvm_labs/lab4/design/ptop_test_pkg.sv(40) @ 0: uvm_test_top [PTOP/TEST/RUN] Test activity started
UVM_INFO /home/synopsys/vcs/W-2024.09-SP2/etc/uvm-ieee-2020-2.0/base/uvm_phase_hopper.svh(667) @ 0: reporter [PH/TRC/DONE] Phase 'uvm' (id=70) Completed phase
UVM_INFO /home/synopsys/vcs/W-2024.09-SP2/etc/uvm-ieee-2020-2.0/base/uvm_phase_hopper.svh(706) @ 0: reporter [PH/TRC/SCHEDULED] Phase 'uvm.uvm_sched' (id=74) Scheduled from phase uvm
UVM_INFO /home/synopsys/vcs/W-2024.09-SP2/etc/uvm-ieee-2020-2.0/base/uvm_phase_hopper.svh(397) @ 0: reporter [PH/TRC/STRT] Phase 'uvm.uvm_sched' (id=74) Starting phase
UVM_INFO /home/synopsys/vcs/W-2024.09-SP2/etc/uvm-ieee-2020-2.0/base/uvm_phase_hopper.svh(667) @ 0: reporter [PH/TRC/DONE] Phase 'uvm.uvm_sched' (id=74) Completed phase
UVM_INFO /home/synopsys/vcs/W-2024.09-SP2/etc/uvm-ieee-2020-2.0/base/uvm_phase_hopper.svh(706) @ 0: reporter [PH/TRC/SCHEDULED] Phase 'uvm.uvm_sched.pre_reset' (id=80) Scheduled from phase uvm.uvm_sched
UVM_INFO /home/synopsys/vcs/W-2024.09-SP2/etc/uvm-ieee-2020-2.0/base/uvm_phase_hopper.svh(397) @ 0: reporter [PH/TRC/STRT] Phase 'uvm.uvm_sched.pre_reset' (id=80) Starting phase
UVM_INFO /home/synopsys/vcs/W-2024.09-SP2/etc/uvm-ieee-2020-2.0/base/uvm_phase_hopper.svh(476) @ 0: reporter [PH/TRC/SKIP] Phase 'uvm.uvm_sched.pre_reset' (id=80) No objections raised, skipping phase
UVM_INFO /home/synopsys/vcs/W-2024.09-SP2/etc/uvm-ieee-2020-2.0/base/uvm_phase.svh(1858) @ 0: reporter [PH/TRC/WAIT_SELF_AND_SIBLINGS] Phase 'uvm.uvm_sched.pre_reset' (id=80) WAITING FOR SELF AND SIBLINGS TO DROP
UVM_INFO /home/synopsys/vcs/W-2024.09-SP2/etc/uvm-ieee-2020-2.0/base/uvm_phase_hopper.svh(510) @ 0: reporter [PH/TRC/TO_WAIT] Phase 'common.run' (id=174) STARTING PHASE TIMEOUT WATCHDOG (timeout ==     9200000000000000)
UVM_INFO /home/synopsys/vcs/W-2024.09-SP2/etc/uvm-ieee-2020-2.0/base/uvm_phase_hopper.svh(490) @ 0: reporter [PH_READY_TO_END_CB] Phase 'uvm.uvm_sched.pre_reset' (id=80) CALLING READY_TO_END CB
UVM_INFO /home/synopsys/vcs/W-2024.09-SP2/etc/uvm-ieee-2020-2.0/base/uvm_phase.svh(1858) @ 0: reporter [PH/TRC/WAIT_SELF_AND_SIBLINGS] Phase 'uvm.uvm_sched.pre_reset' (id=80) WAITING FOR SELF AND SIBLINGS TO DROP
UVM_INFO /home/synopsys/vcs/W-2024.09-SP2/etc/uvm-ieee-2020-2.0/base/uvm_phase_hopper.svh(607) @ 0: reporter [PH_END] Phase 'uvm.uvm_sched.pre_reset' (id=80) ENDING PHASE
UVM_INFO /home/synopsys/vcs/W-2024.09-SP2/etc/uvm-ieee-2020-2.0/base/uvm_phase_hopper.svh(667) @ 0: reporter [PH/TRC/DONE] Phase 'uvm.uvm_sched.pre_reset' (id=80) Completed phase
UVM_INFO /home/synopsys/vcs/W-2024.09-SP2/etc/uvm-ieee-2020-2.0/base/uvm_phase_hopper.svh(706) @ 0: reporter [PH/TRC/SCHEDULED] Phase 'uvm.uvm_sched.reset' (id=85) Scheduled from phase uvm.uvm_sched.pre_reset
UVM_INFO /home/synopsys/vcs/W-2024.09-SP2/etc/uvm-ieee-2020-2.0/base/uvm_phase_hopper.svh(397) @ 0: reporter [PH/TRC/STRT] Phase 'uvm.uvm_sched.reset' (id=85) Starting phase
UVM_INFO /home/synopsys/vcs/W-2024.09-SP2/etc/uvm-ieee-2020-2.0/base/uvm_phase_hopper.svh(476) @ 0: reporter [PH/TRC/SKIP] Phase 'uvm.uvm_sched.reset' (id=85) No objections raised, skipping phase
UVM_INFO /home/synopsys/vcs/W-2024.09-SP2/etc/uvm-ieee-2020-2.0/base/uvm_phase.svh(1858) @ 0: reporter [PH/TRC/WAIT_SELF_AND_SIBLINGS] Phase 'uvm.uvm_sched.reset' (id=85) WAITING FOR SELF AND SIBLINGS TO DROP
UVM_INFO /home/synopsys/vcs/W-2024.09-SP2/etc/uvm-ieee-2020-2.0/base/uvm_phase_hopper.svh(490) @ 0: reporter [PH_READY_TO_END_CB] Phase 'uvm.uvm_sched.reset' (id=85) CALLING READY_TO_END CB
UVM_INFO /home/synopsys/vcs/W-2024.09-SP2/etc/uvm-ieee-2020-2.0/base/uvm_phase.svh(1858) @ 0: reporter [PH/TRC/WAIT_SELF_AND_SIBLINGS] Phase 'uvm.uvm_sched.reset' (id=85) WAITING FOR SELF AND SIBLINGS TO DROP
UVM_INFO /home/synopsys/vcs/W-2024.09-SP2/etc/uvm-ieee-2020-2.0/base/uvm_phase_hopper.svh(607) @ 0: reporter [PH_END] Phase 'uvm.uvm_sched.reset' (id=85) ENDING PHASE
UVM_INFO /home/synopsys/vcs/W-2024.09-SP2/etc/uvm-ieee-2020-2.0/base/uvm_phase_hopper.svh(667) @ 0: reporter [PH/TRC/DONE] Phase 'uvm.uvm_sched.reset' (id=85) Completed phase
UVM_INFO /home/synopsys/vcs/W-2024.09-SP2/etc/uvm-ieee-2020-2.0/base/uvm_phase_hopper.svh(706) @ 0: reporter [PH/TRC/SCHEDULED] Phase 'uvm.uvm_sched.post_reset' (id=90) Scheduled from phase uvm.uvm_sched.reset
UVM_INFO /home/synopsys/vcs/W-2024.09-SP2/etc/uvm-ieee-2020-2.0/base/uvm_phase_hopper.svh(397) @ 0: reporter [PH/TRC/STRT] Phase 'uvm.uvm_sched.post_reset' (id=90) Starting phase
UVM_INFO /home/synopsys/vcs/W-2024.09-SP2/etc/uvm-ieee-2020-2.0/base/uvm_phase_hopper.svh(476) @ 0: reporter [PH/TRC/SKIP] Phase 'uvm.uvm_sched.post_reset' (id=90) No objections raised, skipping phase
UVM_INFO /home/synopsys/vcs/W-2024.09-SP2/etc/uvm-ieee-2020-2.0/base/uvm_phase.svh(1858) @ 0: reporter [PH/TRC/WAIT_SELF_AND_SIBLINGS] Phase 'uvm.uvm_sched.post_reset' (id=90) WAITING FOR SELF AND SIBLINGS TO DROP
UVM_INFO /home/synopsys/vcs/W-2024.09-SP2/etc/uvm-ieee-2020-2.0/base/uvm_phase_hopper.svh(490) @ 0: reporter [PH_READY_TO_END_CB] Phase 'uvm.uvm_sched.post_reset' (id=90) CALLING READY_TO_END CB
UVM_INFO /home/synopsys/vcs/W-2024.09-SP2/etc/uvm-ieee-2020-2.0/base/uvm_phase.svh(1858) @ 0: reporter [PH/TRC/WAIT_SELF_AND_SIBLINGS] Phase 'uvm.uvm_sched.post_reset' (id=90) WAITING FOR SELF AND SIBLINGS TO DROP
UVM_INFO /home/synopsys/vcs/W-2024.09-SP2/etc/uvm-ieee-2020-2.0/base/uvm_phase_hopper.svh(607) @ 0: reporter [PH_END] Phase 'uvm.uvm_sched.post_reset' (id=90) ENDING PHASE
UVM_INFO /home/synopsys/vcs/W-2024.09-SP2/etc/uvm-ieee-2020-2.0/base/uvm_phase_hopper.svh(667) @ 0: reporter [PH/TRC/DONE] Phase 'uvm.uvm_sched.post_reset' (id=90) Completed phase
UVM_INFO /home/synopsys/vcs/W-2024.09-SP2/etc/uvm-ieee-2020-2.0/base/uvm_phase_hopper.svh(706) @ 0: reporter [PH/TRC/SCHEDULED] Phase 'uvm.uvm_sched.pre_configure' (id=95) Scheduled from phase uvm.uvm_sched.post_reset
UVM_INFO /home/synopsys/vcs/W-2024.09-SP2/etc/uvm-ieee-2020-2.0/base/uvm_phase_hopper.svh(397) @ 0: reporter [PH/TRC/STRT] Phase 'uvm.uvm_sched.pre_configure' (id=95) Starting phase
UVM_INFO /home/synopsys/vcs/W-2024.09-SP2/etc/uvm-ieee-2020-2.0/base/uvm_phase_hopper.svh(476) @ 0: reporter [PH/TRC/SKIP] Phase 'uvm.uvm_sched.pre_configure' (id=95) No objections raised, skipping phase
UVM_INFO /home/synopsys/vcs/W-2024.09-SP2/etc/uvm-ieee-2020-2.0/base/uvm_phase.svh(1858) @ 0: reporter [PH/TRC/WAIT_SELF_AND_SIBLINGS] Phase 'uvm.uvm_sched.pre_configure' (id=95) WAITING FOR SELF AND SIBLINGS TO DROP
UVM_INFO /home/synopsys/vcs/W-2024.09-SP2/etc/uvm-ieee-2020-2.0/base/uvm_phase_hopper.svh(490) @ 0: reporter [PH_READY_TO_END_CB] Phase 'uvm.uvm_sched.pre_configure' (id=95) CALLING READY_TO_END CB
UVM_INFO /home/synopsys/vcs/W-2024.09-SP2/etc/uvm-ieee-2020-2.0/base/uvm_phase.svh(1858) @ 0: reporter [PH/TRC/WAIT_SELF_AND_SIBLINGS] Phase 'uvm.uvm_sched.pre_configure' (id=95) WAITING FOR SELF AND SIBLINGS TO DROP
UVM_INFO /home/synopsys/vcs/W-2024.09-SP2/etc/uvm-ieee-2020-2.0/base/uvm_phase_hopper.svh(607) @ 0: reporter [PH_END] Phase 'uvm.uvm_sched.pre_configure' (id=95) ENDING PHASE
UVM_INFO /home/synopsys/vcs/W-2024.09-SP2/etc/uvm-ieee-2020-2.0/base/uvm_phase_hopper.svh(667) @ 0: reporter [PH/TRC/DONE] Phase 'uvm.uvm_sched.pre_configure' (id=95) Completed phase
UVM_INFO /home/synopsys/vcs/W-2024.09-SP2/etc/uvm-ieee-2020-2.0/base/uvm_phase_hopper.svh(706) @ 0: reporter [PH/TRC/SCHEDULED] Phase 'uvm.uvm_sched.configure' (id=100) Scheduled from phase uvm.uvm_sched.pre_configure
UVM_INFO /home/synopsys/vcs/W-2024.09-SP2/etc/uvm-ieee-2020-2.0/base/uvm_phase_hopper.svh(397) @ 0: reporter [PH/TRC/STRT] Phase 'uvm.uvm_sched.configure' (id=100) Starting phase
UVM_INFO /home/synopsys/vcs/W-2024.09-SP2/etc/uvm-ieee-2020-2.0/base/uvm_phase_hopper.svh(476) @ 0: reporter [PH/TRC/SKIP] Phase 'uvm.uvm_sched.configure' (id=100) No objections raised, skipping phase
UVM_INFO /home/synopsys/vcs/W-2024.09-SP2/etc/uvm-ieee-2020-2.0/base/uvm_phase.svh(1858) @ 0: reporter [PH/TRC/WAIT_SELF_AND_SIBLINGS] Phase 'uvm.uvm_sched.configure' (id=100) WAITING FOR SELF AND SIBLINGS TO DROP
UVM_INFO /home/synopsys/vcs/W-2024.09-SP2/etc/uvm-ieee-2020-2.0/base/uvm_phase_hopper.svh(490) @ 0: reporter [PH_READY_TO_END_CB] Phase 'uvm.uvm_sched.configure' (id=100) CALLING READY_TO_END CB
UVM_INFO /home/synopsys/vcs/W-2024.09-SP2/etc/uvm-ieee-2020-2.0/base/uvm_phase.svh(1858) @ 0: reporter [PH/TRC/WAIT_SELF_AND_SIBLINGS] Phase 'uvm.uvm_sched.configure' (id=100) WAITING FOR SELF AND SIBLINGS TO DROP
UVM_INFO /home/synopsys/vcs/W-2024.09-SP2/etc/uvm-ieee-2020-2.0/base/uvm_phase_hopper.svh(607) @ 0: reporter [PH_END] Phase 'uvm.uvm_sched.configure' (id=100) ENDING PHASE
UVM_INFO /home/synopsys/vcs/W-2024.09-SP2/etc/uvm-ieee-2020-2.0/base/uvm_phase_hopper.svh(667) @ 0: reporter [PH/TRC/DONE] Phase 'uvm.uvm_sched.configure' (id=100) Completed phase
UVM_INFO /home/synopsys/vcs/W-2024.09-SP2/etc/uvm-ieee-2020-2.0/base/uvm_phase_hopper.svh(706) @ 0: reporter [PH/TRC/SCHEDULED] Phase 'uvm.uvm_sched.post_configure' (id=105) Scheduled from phase uvm.uvm_sched.configure
UVM_INFO /home/synopsys/vcs/W-2024.09-SP2/etc/uvm-ieee-2020-2.0/base/uvm_phase_hopper.svh(397) @ 0: reporter [PH/TRC/STRT] Phase 'uvm.uvm_sched.post_configure' (id=105) Starting phase
UVM_INFO /home/synopsys/vcs/W-2024.09-SP2/etc/uvm-ieee-2020-2.0/base/uvm_phase_hopper.svh(476) @ 0: reporter [PH/TRC/SKIP] Phase 'uvm.uvm_sched.post_configure' (id=105) No objections raised, skipping phase
UVM_INFO /home/synopsys/vcs/W-2024.09-SP2/etc/uvm-ieee-2020-2.0/base/uvm_phase.svh(1858) @ 0: reporter [PH/TRC/WAIT_SELF_AND_SIBLINGS] Phase 'uvm.uvm_sched.post_configure' (id=105) WAITING FOR SELF AND SIBLINGS TO DROP
UVM_INFO /home/synopsys/vcs/W-2024.09-SP2/etc/uvm-ieee-2020-2.0/base/uvm_phase_hopper.svh(490) @ 0: reporter [PH_READY_TO_END_CB] Phase 'uvm.uvm_sched.post_configure' (id=105) CALLING READY_TO_END CB
UVM_INFO /home/synopsys/vcs/W-2024.09-SP2/etc/uvm-ieee-2020-2.0/base/uvm_phase.svh(1858) @ 0: reporter [PH/TRC/WAIT_SELF_AND_SIBLINGS] Phase 'uvm.uvm_sched.post_configure' (id=105) WAITING FOR SELF AND SIBLINGS TO DROP
UVM_INFO /home/synopsys/vcs/W-2024.09-SP2/etc/uvm-ieee-2020-2.0/base/uvm_phase_hopper.svh(607) @ 0: reporter [PH_END] Phase 'uvm.uvm_sched.post_configure' (id=105) ENDING PHASE
UVM_INFO /home/synopsys/vcs/W-2024.09-SP2/etc/uvm-ieee-2020-2.0/base/uvm_phase_hopper.svh(667) @ 0: reporter [PH/TRC/DONE] Phase 'uvm.uvm_sched.post_configure' (id=105) Completed phase
UVM_INFO /home/synopsys/vcs/W-2024.09-SP2/etc/uvm-ieee-2020-2.0/base/uvm_phase_hopper.svh(706) @ 0: reporter [PH/TRC/SCHEDULED] Phase 'uvm.uvm_sched.pre_main' (id=110) Scheduled from phase uvm.uvm_sched.post_configure
UVM_INFO /home/synopsys/vcs/W-2024.09-SP2/etc/uvm-ieee-2020-2.0/base/uvm_phase_hopper.svh(397) @ 0: reporter [PH/TRC/STRT] Phase 'uvm.uvm_sched.pre_main' (id=110) Starting phase
UVM_INFO /home/synopsys/vcs/W-2024.09-SP2/etc/uvm-ieee-2020-2.0/base/uvm_phase_hopper.svh(476) @ 0: reporter [PH/TRC/SKIP] Phase 'uvm.uvm_sched.pre_main' (id=110) No objections raised, skipping phase
UVM_INFO /home/synopsys/vcs/W-2024.09-SP2/etc/uvm-ieee-2020-2.0/base/uvm_phase.svh(1858) @ 0: reporter [PH/TRC/WAIT_SELF_AND_SIBLINGS] Phase 'uvm.uvm_sched.pre_main' (id=110) WAITING FOR SELF AND SIBLINGS TO DROP
UVM_INFO /home/synopsys/vcs/W-2024.09-SP2/etc/uvm-ieee-2020-2.0/base/uvm_phase_hopper.svh(490) @ 0: reporter [PH_READY_TO_END_CB] Phase 'uvm.uvm_sched.pre_main' (id=110) CALLING READY_TO_END CB
UVM_INFO /home/synopsys/vcs/W-2024.09-SP2/etc/uvm-ieee-2020-2.0/base/uvm_phase.svh(1858) @ 0: reporter [PH/TRC/WAIT_SELF_AND_SIBLINGS] Phase 'uvm.uvm_sched.pre_main' (id=110) WAITING FOR SELF AND SIBLINGS TO DROP
UVM_INFO /home/synopsys/vcs/W-2024.09-SP2/etc/uvm-ieee-2020-2.0/base/uvm_phase_hopper.svh(607) @ 0: reporter [PH_END] Phase 'uvm.uvm_sched.pre_main' (id=110) ENDING PHASE
UVM_INFO /home/synopsys/vcs/W-2024.09-SP2/etc/uvm-ieee-2020-2.0/base/uvm_phase_hopper.svh(667) @ 0: reporter [PH/TRC/DONE] Phase 'uvm.uvm_sched.pre_main' (id=110) Completed phase
UVM_INFO /home/synopsys/vcs/W-2024.09-SP2/etc/uvm-ieee-2020-2.0/base/uvm_phase_hopper.svh(706) @ 0: reporter [PH/TRC/SCHEDULED] Phase 'uvm.uvm_sched.main' (id=115) Scheduled from phase uvm.uvm_sched.pre_main
UVM_INFO /home/synopsys/vcs/W-2024.09-SP2/etc/uvm-ieee-2020-2.0/base/uvm_phase_hopper.svh(397) @ 0: reporter [PH/TRC/STRT] Phase 'uvm.uvm_sched.main' (id=115) Starting phase
UVM_INFO /home/synopsys/vcs/W-2024.09-SP2/etc/uvm-ieee-2020-2.0/base/uvm_phase_hopper.svh(476) @ 0: reporter [PH/TRC/SKIP] Phase 'uvm.uvm_sched.main' (id=115) No objections raised, skipping phase
UVM_INFO /home/synopsys/vcs/W-2024.09-SP2/etc/uvm-ieee-2020-2.0/base/uvm_phase.svh(1858) @ 0: reporter [PH/TRC/WAIT_SELF_AND_SIBLINGS] Phase 'uvm.uvm_sched.main' (id=115) WAITING FOR SELF AND SIBLINGS TO DROP
UVM_INFO /home/synopsys/vcs/W-2024.09-SP2/etc/uvm-ieee-2020-2.0/base/uvm_phase_hopper.svh(490) @ 0: reporter [PH_READY_TO_END_CB] Phase 'uvm.uvm_sched.main' (id=115) CALLING READY_TO_END CB
UVM_INFO /home/synopsys/vcs/W-2024.09-SP2/etc/uvm-ieee-2020-2.0/base/uvm_phase.svh(1858) @ 0: reporter [PH/TRC/WAIT_SELF_AND_SIBLINGS] Phase 'uvm.uvm_sched.main' (id=115) WAITING FOR SELF AND SIBLINGS TO DROP
UVM_INFO /home/synopsys/vcs/W-2024.09-SP2/etc/uvm-ieee-2020-2.0/base/uvm_phase_hopper.svh(607) @ 0: reporter [PH_END] Phase 'uvm.uvm_sched.main' (id=115) ENDING PHASE
UVM_INFO /home/synopsys/vcs/W-2024.09-SP2/etc/uvm-ieee-2020-2.0/base/uvm_phase_hopper.svh(667) @ 0: reporter [PH/TRC/DONE] Phase 'uvm.uvm_sched.main' (id=115) Completed phase
UVM_INFO /home/synopsys/vcs/W-2024.09-SP2/etc/uvm-ieee-2020-2.0/base/uvm_phase_hopper.svh(706) @ 0: reporter [PH/TRC/SCHEDULED] Phase 'uvm.uvm_sched.post_main' (id=120) Scheduled from phase uvm.uvm_sched.main
UVM_INFO /home/synopsys/vcs/W-2024.09-SP2/etc/uvm-ieee-2020-2.0/base/uvm_phase_hopper.svh(397) @ 0: reporter [PH/TRC/STRT] Phase 'uvm.uvm_sched.post_main' (id=120) Starting phase
UVM_INFO /home/synopsys/vcs/W-2024.09-SP2/etc/uvm-ieee-2020-2.0/base/uvm_phase_hopper.svh(476) @ 0: reporter [PH/TRC/SKIP] Phase 'uvm.uvm_sched.post_main' (id=120) No objections raised, skipping phase
UVM_INFO /home/synopsys/vcs/W-2024.09-SP2/etc/uvm-ieee-2020-2.0/base/uvm_phase.svh(1858) @ 0: reporter [PH/TRC/WAIT_SELF_AND_SIBLINGS] Phase 'uvm.uvm_sched.post_main' (id=120) WAITING FOR SELF AND SIBLINGS TO DROP
UVM_INFO /home/synopsys/vcs/W-2024.09-SP2/etc/uvm-ieee-2020-2.0/base/uvm_phase_hopper.svh(490) @ 0: reporter [PH_READY_TO_END_CB] Phase 'uvm.uvm_sched.post_main' (id=120) CALLING READY_TO_END CB
UVM_INFO /home/synopsys/vcs/W-2024.09-SP2/etc/uvm-ieee-2020-2.0/base/uvm_phase.svh(1858) @ 0: reporter [PH/TRC/WAIT_SELF_AND_SIBLINGS] Phase 'uvm.uvm_sched.post_main' (id=120) WAITING FOR SELF AND SIBLINGS TO DROP
UVM_INFO /home/synopsys/vcs/W-2024.09-SP2/etc/uvm-ieee-2020-2.0/base/uvm_phase_hopper.svh(607) @ 0: reporter [PH_END] Phase 'uvm.uvm_sched.post_main' (id=120) ENDING PHASE
UVM_INFO /home/synopsys/vcs/W-2024.09-SP2/etc/uvm-ieee-2020-2.0/base/uvm_phase_hopper.svh(667) @ 0: reporter [PH/TRC/DONE] Phase 'uvm.uvm_sched.post_main' (id=120) Completed phase
UVM_INFO /home/synopsys/vcs/W-2024.09-SP2/etc/uvm-ieee-2020-2.0/base/uvm_phase_hopper.svh(706) @ 0: reporter [PH/TRC/SCHEDULED] Phase 'uvm.uvm_sched.pre_shutdown' (id=125) Scheduled from phase uvm.uvm_sched.post_main
UVM_INFO /home/synopsys/vcs/W-2024.09-SP2/etc/uvm-ieee-2020-2.0/base/uvm_phase_hopper.svh(397) @ 0: reporter [PH/TRC/STRT] Phase 'uvm.uvm_sched.pre_shutdown' (id=125) Starting phase
UVM_INFO /home/synopsys/vcs/W-2024.09-SP2/etc/uvm-ieee-2020-2.0/base/uvm_phase_hopper.svh(476) @ 0: reporter [PH/TRC/SKIP] Phase 'uvm.uvm_sched.pre_shutdown' (id=125) No objections raised, skipping phase
UVM_INFO /home/synopsys/vcs/W-2024.09-SP2/etc/uvm-ieee-2020-2.0/base/uvm_phase.svh(1858) @ 0: reporter [PH/TRC/WAIT_SELF_AND_SIBLINGS] Phase 'uvm.uvm_sched.pre_shutdown' (id=125) WAITING FOR SELF AND SIBLINGS TO DROP
UVM_INFO /home/synopsys/vcs/W-2024.09-SP2/etc/uvm-ieee-2020-2.0/base/uvm_phase_hopper.svh(490) @ 0: reporter [PH_READY_TO_END_CB] Phase 'uvm.uvm_sched.pre_shutdown' (id=125) CALLING READY_TO_END CB
UVM_INFO /home/synopsys/vcs/W-2024.09-SP2/etc/uvm-ieee-2020-2.0/base/uvm_phase.svh(1858) @ 0: reporter [PH/TRC/WAIT_SELF_AND_SIBLINGS] Phase 'uvm.uvm_sched.pre_shutdown' (id=125) WAITING FOR SELF AND SIBLINGS TO DROP
UVM_INFO /home/synopsys/vcs/W-2024.09-SP2/etc/uvm-ieee-2020-2.0/base/uvm_phase_hopper.svh(607) @ 0: reporter [PH_END] Phase 'uvm.uvm_sched.pre_shutdown' (id=125) ENDING PHASE
UVM_INFO /home/synopsys/vcs/W-2024.09-SP2/etc/uvm-ieee-2020-2.0/base/uvm_phase_hopper.svh(667) @ 0: reporter [PH/TRC/DONE] Phase 'uvm.uvm_sched.pre_shutdown' (id=125) Completed phase
UVM_INFO /home/synopsys/vcs/W-2024.09-SP2/etc/uvm-ieee-2020-2.0/base/uvm_phase_hopper.svh(706) @ 0: reporter [PH/TRC/SCHEDULED] Phase 'uvm.uvm_sched.shutdown' (id=130) Scheduled from phase uvm.uvm_sched.pre_shutdown
UVM_INFO /home/synopsys/vcs/W-2024.09-SP2/etc/uvm-ieee-2020-2.0/base/uvm_phase_hopper.svh(397) @ 0: reporter [PH/TRC/STRT] Phase 'uvm.uvm_sched.shutdown' (id=130) Starting phase
UVM_INFO /home/synopsys/vcs/W-2024.09-SP2/etc/uvm-ieee-2020-2.0/base/uvm_phase_hopper.svh(476) @ 0: reporter [PH/TRC/SKIP] Phase 'uvm.uvm_sched.shutdown' (id=130) No objections raised, skipping phase
UVM_INFO /home/synopsys/vcs/W-2024.09-SP2/etc/uvm-ieee-2020-2.0/base/uvm_phase.svh(1858) @ 0: reporter [PH/TRC/WAIT_SELF_AND_SIBLINGS] Phase 'uvm.uvm_sched.shutdown' (id=130) WAITING FOR SELF AND SIBLINGS TO DROP
UVM_INFO /home/synopsys/vcs/W-2024.09-SP2/etc/uvm-ieee-2020-2.0/base/uvm_phase_hopper.svh(490) @ 0: reporter [PH_READY_TO_END_CB] Phase 'uvm.uvm_sched.shutdown' (id=130) CALLING READY_TO_END CB
UVM_INFO /home/synopsys/vcs/W-2024.09-SP2/etc/uvm-ieee-2020-2.0/base/uvm_phase.svh(1858) @ 0: reporter [PH/TRC/WAIT_SELF_AND_SIBLINGS] Phase 'uvm.uvm_sched.shutdown' (id=130) WAITING FOR SELF AND SIBLINGS TO DROP
UVM_INFO /home/synopsys/vcs/W-2024.09-SP2/etc/uvm-ieee-2020-2.0/base/uvm_phase_hopper.svh(607) @ 0: reporter [PH_END] Phase 'uvm.uvm_sched.shutdown' (id=130) ENDING PHASE
UVM_INFO /home/synopsys/vcs/W-2024.09-SP2/etc/uvm-ieee-2020-2.0/base/uvm_phase_hopper.svh(667) @ 0: reporter [PH/TRC/DONE] Phase 'uvm.uvm_sched.shutdown' (id=130) Completed phase
UVM_INFO /home/synopsys/vcs/W-2024.09-SP2/etc/uvm-ieee-2020-2.0/base/uvm_phase_hopper.svh(706) @ 0: reporter [PH/TRC/SCHEDULED] Phase 'uvm.uvm_sched.post_shutdown' (id=135) Scheduled from phase uvm.uvm_sched.shutdown
UVM_INFO /home/synopsys/vcs/W-2024.09-SP2/etc/uvm-ieee-2020-2.0/base/uvm_phase_hopper.svh(397) @ 0: reporter [PH/TRC/STRT] Phase 'uvm.uvm_sched.post_shutdown' (id=135) Starting phase
UVM_INFO /home/synopsys/vcs/W-2024.09-SP2/etc/uvm-ieee-2020-2.0/base/uvm_phase_hopper.svh(476) @ 0: reporter [PH/TRC/SKIP] Phase 'uvm.uvm_sched.post_shutdown' (id=135) No objections raised, skipping phase
UVM_INFO /home/synopsys/vcs/W-2024.09-SP2/etc/uvm-ieee-2020-2.0/base/uvm_phase.svh(1858) @ 0: reporter [PH/TRC/WAIT_SELF_AND_SIBLINGS] Phase 'uvm.uvm_sched.post_shutdown' (id=135) WAITING FOR SELF AND SIBLINGS TO DROP
UVM_INFO /home/synopsys/vcs/W-2024.09-SP2/etc/uvm-ieee-2020-2.0/base/uvm_phase.svh(1885) @ 0: reporter [PH/TRC/WAIT_SELF_AND_SIBLINGS] Phase 'uvm.uvm_sched.post_shutdown' (id=135) Waiting for phase 'run' (174) to be READY_TO_END. Current state is UVM_PHASE_EXECUTING
UVM_WARNING /home/user16/work/klngan/hdl_labs/week3/uvm_labs/lab4/design/ptop_parent_pkg.sv(50) @ 100000: uvm_test_top.parent [PTOP/PARENT/TIMEOUT] Parent activity taking too long
UVM_INFO /home/user16/work/klngan/hdl_labs/week3/uvm_labs/lab4/design/ptop_parent_pkg.sv(43) @ 150000: uvm_test_top.parent [PTOP/PARENT/RUN] Parent activity completed
UVM_ERROR /home/user16/work/klngan/hdl_labs/week3/uvm_labs/lab4/design/ptop_test_pkg.sv(51) @ 300000: uvm_test_top [PTOP/TEST/TIMEOUT] Test timeout reached!
UVM_INFO /home/synopsys/vcs/W-2024.09-SP2/etc/uvm-ieee-2020-2.0/base/uvm_phase.svh(1858) @ 300000: reporter [PH/TRC/WAIT_SELF_AND_SIBLINGS] Phase 'common.run' (id=174) WAITING FOR SELF AND SIBLINGS TO DROP
UVM_INFO /home/synopsys/vcs/W-2024.09-SP2/etc/uvm-ieee-2020-2.0/base/uvm_phase.svh(1892) @ 300000: reporter [PH/TRC/WAIT_SELF_AND_SIBLINGS] Phase 'uvm.uvm_sched.post_shutdown' (id=135) Phase 'run' (174) is now READY_TO_END. Releasing phase
UVM_INFO /home/synopsys/vcs/W-2024.09-SP2/etc/uvm-ieee-2020-2.0/base/uvm_phase_hopper.svh(490) @ 300000: reporter [PH_READY_TO_END_CB] Phase 'uvm.uvm_sched.post_shutdown' (id=135) CALLING READY_TO_END CB
UVM_INFO /home/synopsys/vcs/W-2024.09-SP2/etc/uvm-ieee-2020-2.0/base/uvm_phase_hopper.svh(490) @ 300000: reporter [PH_READY_TO_END_CB] Phase 'common.run' (id=174) CALLING READY_TO_END CB
UVM_INFO /home/synopsys/vcs/W-2024.09-SP2/etc/uvm-ieee-2020-2.0/base/uvm_phase.svh(1858) @ 300000: reporter [PH/TRC/WAIT_SELF_AND_SIBLINGS] Phase 'common.run' (id=174) WAITING FOR SELF AND SIBLINGS TO DROP
UVM_INFO /home/synopsys/vcs/W-2024.09-SP2/etc/uvm-ieee-2020-2.0/base/uvm_phase_hopper.svh(607) @ 300000: reporter [PH_END] Phase 'common.run' (id=174) ENDING PHASE
UVM_INFO /home/synopsys/vcs/W-2024.09-SP2/etc/uvm-ieee-2020-2.0/base/uvm_phase.svh(1858) @ 300000: reporter [PH/TRC/WAIT_SELF_AND_SIBLINGS] Phase 'uvm.uvm_sched.post_shutdown' (id=135) WAITING FOR SELF AND SIBLINGS TO DROP
UVM_INFO /home/synopsys/vcs/W-2024.09-SP2/etc/uvm-ieee-2020-2.0/base/uvm_phase_hopper.svh(607) @ 300000: reporter [PH_END] Phase 'uvm.uvm_sched.post_shutdown' (id=135) ENDING PHASE
UVM_INFO /home/synopsys/vcs/W-2024.09-SP2/etc/uvm-ieee-2020-2.0/base/uvm_phase_hopper.svh(667) @ 300000: reporter [PH/TRC/DONE] Phase 'common.run' (id=174) Completed phase
UVM_INFO /home/synopsys/vcs/W-2024.09-SP2/etc/uvm-ieee-2020-2.0/base/uvm_phase_hopper.svh(667) @ 300000: reporter [PH/TRC/DONE] Phase 'uvm.uvm_sched.post_shutdown' (id=135) Completed phase
UVM_INFO /home/synopsys/vcs/W-2024.09-SP2/etc/uvm-ieee-2020-2.0/base/uvm_phase_hopper.svh(706) @ 300000: reporter [PH/TRC/SCHEDULED] Phase 'common.extract' (id=179) Scheduled from phase common.run
UVM_INFO /home/synopsys/vcs/W-2024.09-SP2/etc/uvm-ieee-2020-2.0/base/uvm_phase_hopper.svh(706) @ 300000: reporter [PH/TRC/SCHEDULED] Phase 'uvm.uvm_sched_end' (id=76) Scheduled from phase uvm.uvm_sched.post_shutdown
UVM_INFO /home/synopsys/vcs/W-2024.09-SP2/etc/uvm-ieee-2020-2.0/base/uvm_phase_hopper.svh(397) @ 300000: reporter [PH/TRC/STRT] Phase 'uvm.uvm_sched_end' (id=76) Starting phase
UVM_INFO /home/synopsys/vcs/W-2024.09-SP2/etc/uvm-ieee-2020-2.0/base/uvm_phase_hopper.svh(667) @ 300000: reporter [PH/TRC/DONE] Phase 'uvm.uvm_sched_end' (id=76) Completed phase
UVM_INFO /home/synopsys/vcs/W-2024.09-SP2/etc/uvm-ieee-2020-2.0/base/uvm_phase_hopper.svh(706) @ 300000: reporter [PH/TRC/SCHEDULED] Phase 'uvm.uvm_end' (id=72) Scheduled from phase uvm.uvm_sched_end
UVM_INFO /home/synopsys/vcs/W-2024.09-SP2/etc/uvm-ieee-2020-2.0/base/uvm_phase_hopper.svh(397) @ 300000: reporter [PH/TRC/STRT] Phase 'uvm.uvm_end' (id=72) Starting phase
UVM_INFO /home/synopsys/vcs/W-2024.09-SP2/etc/uvm-ieee-2020-2.0/base/uvm_phase_hopper.svh(667) @ 300000: reporter [PH/TRC/DONE] Phase 'uvm.uvm_end' (id=72) Completed phase
UVM_INFO /home/synopsys/vcs/W-2024.09-SP2/etc/uvm-ieee-2020-2.0/base/uvm_phase_hopper.svh(397) @ 300000: reporter [PH/TRC/STRT] Phase 'common.extract' (id=179) Starting phase
UVM_INFO /home/synopsys/vcs/W-2024.09-SP2/etc/uvm-ieee-2020-2.0/base/uvm_phase.svh(1470) @ 300000: reporter [PH/TRC/WAIT_PRED_OF_SUCC] Phase 'common.extract' (id=179) *** No pred to succ other than myself, so ending phase ***
UVM_INFO /home/synopsys/vcs/W-2024.09-SP2/etc/uvm-ieee-2020-2.0/base/uvm_phase_hopper.svh(607) @ 300000: reporter [PH_END] Phase 'common.extract' (id=179) ENDING PHASE
UVM_INFO /home/synopsys/vcs/W-2024.09-SP2/etc/uvm-ieee-2020-2.0/base/uvm_phase_hopper.svh(667) @ 300000: reporter [PH/TRC/DONE] Phase 'common.extract' (id=179) Completed phase
UVM_INFO /home/synopsys/vcs/W-2024.09-SP2/etc/uvm-ieee-2020-2.0/base/uvm_phase_hopper.svh(706) @ 300000: reporter [PH/TRC/SCHEDULED] Phase 'common.check' (id=184) Scheduled from phase common.extract
UVM_INFO /home/synopsys/vcs/W-2024.09-SP2/etc/uvm-ieee-2020-2.0/base/uvm_phase_hopper.svh(397) @ 300000: reporter [PH/TRC/STRT] Phase 'common.check' (id=184) Starting phase
UVM_INFO /home/synopsys/vcs/W-2024.09-SP2/etc/uvm-ieee-2020-2.0/base/uvm_phase.svh(1470) @ 300000: reporter [PH/TRC/WAIT_PRED_OF_SUCC] Phase 'common.check' (id=184) *** No pred to succ other than myself, so ending phase ***
UVM_INFO /home/synopsys/vcs/W-2024.09-SP2/etc/uvm-ieee-2020-2.0/base/uvm_phase_hopper.svh(607) @ 300000: reporter [PH_END] Phase 'common.check' (id=184) ENDING PHASE
UVM_INFO /home/synopsys/vcs/W-2024.09-SP2/etc/uvm-ieee-2020-2.0/base/uvm_phase_hopper.svh(667) @ 300000: reporter [PH/TRC/DONE] Phase 'common.check' (id=184) Completed phase
UVM_INFO /home/synopsys/vcs/W-2024.09-SP2/etc/uvm-ieee-2020-2.0/base/uvm_phase_hopper.svh(706) @ 300000: reporter [PH/TRC/SCHEDULED] Phase 'common.report' (id=189) Scheduled from phase common.check
UVM_INFO /home/synopsys/vcs/W-2024.09-SP2/etc/uvm-ieee-2020-2.0/base/uvm_phase_hopper.svh(397) @ 300000: reporter [PH/TRC/STRT] Phase 'common.report' (id=189) Starting phase
UVM_INFO /home/synopsys/vcs/W-2024.09-SP2/etc/uvm-ieee-2020-2.0/base/uvm_phase.svh(1470) @ 300000: reporter [PH/TRC/WAIT_PRED_OF_SUCC] Phase 'common.report' (id=189) *** No pred to succ other than myself, so ending phase ***
UVM_INFO /home/synopsys/vcs/W-2024.09-SP2/etc/uvm-ieee-2020-2.0/base/uvm_phase_hopper.svh(607) @ 300000: reporter [PH_END] Phase 'common.report' (id=189) ENDING PHASE
UVM_INFO /home/synopsys/vcs/W-2024.09-SP2/etc/uvm-ieee-2020-2.0/base/uvm_phase_hopper.svh(667) @ 300000: reporter [PH/TRC/DONE] Phase 'common.report' (id=189) Completed phase
UVM_INFO /home/synopsys/vcs/W-2024.09-SP2/etc/uvm-ieee-2020-2.0/base/uvm_phase_hopper.svh(706) @ 300000: reporter [PH/TRC/SCHEDULED] Phase 'common.final' (id=194) Scheduled from phase common.report
UVM_INFO /home/synopsys/vcs/W-2024.09-SP2/etc/uvm-ieee-2020-2.0/base/uvm_phase_hopper.svh(397) @ 300000: reporter [PH/TRC/STRT] Phase 'common.final' (id=194) Starting phase
UVM_INFO /home/synopsys/vcs/W-2024.09-SP2/etc/uvm-ieee-2020-2.0/base/uvm_phase.svh(1470) @ 300000: reporter [PH/TRC/WAIT_PRED_OF_SUCC] Phase 'common.final' (id=194) *** No pred to succ other than myself, so ending phase ***
UVM_INFO /home/synopsys/vcs/W-2024.09-SP2/etc/uvm-ieee-2020-2.0/base/uvm_phase_hopper.svh(607) @ 300000: reporter [PH_END] Phase 'common.final' (id=194) ENDING PHASE
UVM_INFO /home/synopsys/vcs/W-2024.09-SP2/etc/uvm-ieee-2020-2.0/base/uvm_phase_hopper.svh(667) @ 300000: reporter [PH/TRC/DONE] Phase 'common.final' (id=194) Completed phase
UVM_INFO /home/synopsys/vcs/W-2024.09-SP2/etc/uvm-ieee-2020-2.0/base/uvm_phase_hopper.svh(706) @ 300000: reporter [PH/TRC/SCHEDULED] Phase 'common.common_end' (id=150) Scheduled from phase common.final
UVM_INFO /home/synopsys/vcs/W-2024.09-SP2/etc/uvm-ieee-2020-2.0/base/uvm_phase_hopper.svh(397) @ 300000: reporter [PH/TRC/STRT] Phase 'common.common_end' (id=150) Starting phase
UVM_INFO /home/synopsys/vcs/W-2024.09-SP2/etc/uvm-ieee-2020-2.0/base/uvm_phase_hopper.svh(667) @ 300000: reporter [PH/TRC/DONE] Phase 'common.common_end' (id=150) Completed phase
UVM_INFO /home/synopsys/vcs/W-2024.09-SP2/etc/uvm-ieee-2020-2.0/base/uvm_report_server.svh(945) @ 300000: reporter [UVM/REPORT/SERVER] 
--- UVM Report Summary ---

** Report counts by severity
UVM_INFO :  181
UVM_WARNING :    1
UVM_ERROR :    1
UVM_FATAL :    0
** Report counts by id
[PH/TRC/DONE]    27
[PH/TRC/SCHEDULED]    26
[PH/TRC/SKIP]    12
[PH/TRC/STRT]    27
[PH/TRC/TO_WAIT]     1
[PH/TRC/WAIT_PRED_OF_SUCC]     8
[PH/TRC/WAIT_SELF_AND_SIBLINGS]    28
[PH_END]    21
[PH_READY_TO_END_CB]    13
[PTOP/CHILD/BUILD]     1
[PTOP/CHILD/CONNECT]     1
[PTOP/CHILD/NEW]     1
[PTOP/PARENT/BUILD]     2
[PTOP/PARENT/CONNECT]     2
[PTOP/PARENT/NEW]     1
[PTOP/PARENT/RUN]     3
[PTOP/PARENT/TIMEOUT]     1
[PTOP/TB]     1
[PTOP/TEST/BUILD]     2
[PTOP/TEST/ENDOFELAB]     1
[PTOP/TEST/NEW]     1
[PTOP/TEST/RUN]     1
[PTOP/TEST/TIMEOUT]     1
[RNTST]     1

$finish called from file "/home/synopsys/vcs/W-2024.09-SP2/etc/uvm-ieee-2020-2.0/base/uvm_root.svh", line 599.
$finish at simulation time               300000
           V C S   S i m u l a t i o n   R e p o r t 
Time: 300000 ps
CPU Time:      0.210 seconds;       Data structure size:   0.6Mb
Tue Aug  5 12:20:17 2025
