Command: vcs -l top_comp.log -sverilog -debug_access+all -kdb -debug_report -top \
top_tb -o top_simv -f /home/user16/work/klngan/hdl_labs/lab8/design/top.f
                         Chronologic VCS (TM)
       Version W-2024.09-SP2_Full64 -- Fri Jul 25 09:33:32 2025

                    Copyright (c) 1991 - 2025 Synopsys, Inc.
   This software and the associated documentation are proprietary to Synopsys,
 Inc. This software may only be used in accordance with the terms and conditions
 of a written license agreement with Synopsys, Inc. All other use, reproduction,
   or distribution of this software is strictly prohibited.  Licensed Products
     communicate with Synopsys servers for the purpose of providing software
    updates, detecting software piracy and verifying that customers are using
    Licensed Products in conformity with the applicable License Key for such
  Licensed Products. Synopsys will use information gathered in connection with
    this process to deliver software updates and pursue software pirates and
                                   infringers.

 Inclusivity & Diversity - Visit SolvNetPlus to read the "Synopsys Statement on
            Inclusivity and Diversity" (Refer to article 000036315 at
                        https://solvnetplus.synopsys.com)

Parsing design file '/home/user16/work/klngan/hdl_labs/lab8/design/top_tb.sv'
Parsing design file '/home/user16/work/klngan/hdl_labs/lab8/design/top.sv'
Parsing design file '/home/user16/work/klngan/hdl_labs/lab8/design/controller.sv'
Parsing design file '/home/user16/work/klngan/hdl_labs/lab8/design/counter.sv'
Top Level Modules:
       top_tb
TimeScale is 1 ns / 1 ps
Starting vcs inline pass...
1 module and 0 UDP read.
recompiling module top_tb
make[1]: Entering directory '/home/user16/work/klngan/hdl_labs/lab8/sim/csrc'
rm -f _cuarc*.so _csrc*.so pre_vcsobj_*.so share_vcsobj_*.so
if [ -x ../top_simv ]; then chmod a-x ../top_simv; fi
g++  -o ../top_simv      -rdynamic  -Wl,-rpath='$ORIGIN'/top_simv.daidir -Wl,-rpath=./top_simv.daidir \
-Wl,-rpath=/home/synopsys/vcs/W-2024.09-SP2/linux64/lib -L/home/synopsys/vcs/W-2024.09-SP2/linux64/lib \
-Wl,-rpath-link=./  /usr/lib64/libnuma.so.1   objs/amcQw_d.o   _2861530_archive_1.so \
SIM_l.o      rmapats_mop.o rmapats.o rmar.o rmar_nd.o  rmar_llvm_0_1.o rmar_llvm_0_0.o \
-lvirsim -lerrorinf -lsnpsmalloc -lvfs    -lvcsnew -lsimprofile -luclinative /home/synopsys/vcs/W-2024.09-SP2/linux64/lib/vcs_tls.o \
-Wl,-whole-archive  -lvcsucli    -Wl,-no-whole-archive        _vcs_pli_stub_.o   \
/home/synopsys/vcs/W-2024.09-SP2/linux64/lib/vcs_save_restore_new.o /home/synopsys/verdi/W-2024.09-SP2/share/PLI/VCS/LINUX64/pli.a \
-ldl  -lc -lm -lpthread -ldl 
../top_simv up to date
make[1]: Leaving directory '/home/user16/work/klngan/hdl_labs/lab8/sim/csrc'
CPU time: .300 seconds to compile + .240 seconds to elab + .234 seconds to link
Verdi KDB elaboration done and the database successfully generated
